2025-07-30 15:06:52 [restartedMain] INFO  com.lumibee.hive.HiveApplication - Starting HiveApplication using Java 17.0.14 with PID 67778 (/Users/czar/Java/hive/target/classes started by czar in /Users/czar/Java/hive)
2025-07-30 15:06:52 [restartedMain] DEBUG com.lumibee.hive.HiveApplication - Running with Spring Boot v3.4.5, Spring v6.2.6
2025-07-30 15:06:52 [restartedMain] INFO  com.lumibee.hive.HiveApplication - The following 1 profile is active: "dev"
2025-07-30 15:06:52 [restartedMain] INFO  o.s.b.d.env.DevToolsPropertyDefaultsPostProcessor - Devtools property defaults active! Set 'spring.devtools.add-properties' to 'false' to disable
2025-07-30 15:06:52 [restartedMain] INFO  o.s.b.d.env.DevToolsPropertyDefaultsPostProcessor - For additional web related logging consider setting the 'logging.level.web' property to 'DEBUG'
2025-07-30 15:06:52 [restartedMain] INFO  o.s.d.r.config.RepositoryConfigurationDelegate - Multiple Spring Data modules found, entering strict repository configuration mode
2025-07-30 15:06:52 [restartedMain] INFO  o.s.d.r.config.RepositoryConfigurationDelegate - Bootstrapping Spring Data Elasticsearch repositories in DEFAULT mode.
2025-07-30 15:06:52 [restartedMain] INFO  o.s.d.r.config.RepositoryConfigurationDelegate - Finished Spring Data repository scanning in 51 ms. Found 1 Elasticsearch repository interface.
2025-07-30 15:06:52 [restartedMain] INFO  o.s.d.r.config.RepositoryConfigurationDelegate - Multiple Spring Data modules found, entering strict repository configuration mode
2025-07-30 15:06:52 [restartedMain] INFO  o.s.d.r.config.RepositoryConfigurationDelegate - Bootstrapping Spring Data Reactive Elasticsearch repositories in DEFAULT mode.
2025-07-30 15:06:52 [restartedMain] INFO  o.s.d.r.config.RepositoryConfigurationDelegate - Finished Spring Data repository scanning in 2 ms. Found 0 Reactive Elasticsearch repository interfaces.
2025-07-30 15:06:52 [restartedMain] INFO  o.s.d.r.config.RepositoryConfigurationDelegate - Multiple Spring Data modules found, entering strict repository configuration mode
2025-07-30 15:06:52 [restartedMain] INFO  o.s.d.r.config.RepositoryConfigurationDelegate - Bootstrapping Spring Data Redis repositories in DEFAULT mode.
2025-07-30 15:06:52 [restartedMain] INFO  o.s.d.r.c.RepositoryConfigurationExtensionSupport - Spring Data Redis - Could not safely identify store assignment for repository candidate interface com.lumibee.hive.service.ArticleRepository; If you want this repository to be a Redis repository, consider annotating your entities with one of these annotations: org.springframework.data.redis.core.RedisHash (preferred), or consider extending one of the following types with your repository: org.springframework.data.keyvalue.repository.KeyValueRepository
2025-07-30 15:06:52 [restartedMain] INFO  o.s.d.r.config.RepositoryConfigurationDelegate - Finished Spring Data repository scanning in 1 ms. Found 0 Redis repository interfaces.
2025-07-30 15:06:53 [restartedMain] INFO  o.s.boot.web.embedded.tomcat.TomcatWebServer - Tomcat initialized with port 8090 (http)
2025-07-30 15:06:53 [restartedMain] INFO  org.apache.catalina.core.StandardService - Starting service [Tomcat]
2025-07-30 15:06:53 [restartedMain] INFO  org.apache.catalina.core.StandardEngine - Starting Servlet engine: [Apache Tomcat/10.1.40]
2025-07-30 15:06:53 [restartedMain] INFO  o.a.c.core.ContainerBase.[Tomcat].[localhost].[/] - Initializing Spring embedded WebApplicationContext
2025-07-30 15:06:53 [restartedMain] INFO  o.s.b.w.s.c.ServletWebServerApplicationContext - Root WebApplicationContext: initialization completed in 717 ms
2025-07-30 15:06:53 [restartedMain] INFO  org.flywaydb.core.FlywayExecutor - Database: jdbc:mysql://localhost:3306/community?useUnicode=true&characterEncoding=utf-8&serverTimezone=UTC&useSSL=false&allowPublicKeyRetrieval=true (MySQL 9.3)
2025-07-30 15:06:53 [restartedMain] WARN  org.flywaydb.core.internal.database.base.Database - Flyway upgrade recommended: MySQL 9.3 is newer than this version of Flyway and support has not been tested. The latest supported version of MySQL is 8.1.
2025-07-30 15:06:53 [restartedMain] INFO  org.flywaydb.core.internal.command.DbValidate - Successfully validated 48 migrations (execution time 00:00.023s)
2025-07-30 15:06:53 [restartedMain] INFO  org.flywaydb.core.internal.command.DbMigrate - Current version of schema `community`: 48
2025-07-30 15:06:53 [restartedMain] INFO  org.flywaydb.core.internal.command.DbMigrate - Schema `community` is up to date. No migration necessary.
2025-07-30 15:06:53 [restartedMain] WARN  c.b.mybatisplus.core.metadata.TableInfoHelper - Can not find table primary key in Class: "com.lumibee.hive.model.Follower".
2025-07-30 15:06:53 [restartedMain] WARN  c.b.mybatisplus.core.injector.DefaultSqlInjector - class com.lumibee.hive.model.Follower ,Not found @TableId annotation, Cannot use Mybatis-Plus 'xxById' Method.
2025-07-30 15:06:53 [restartedMain] WARN  c.b.mybatisplus.core.metadata.TableInfoHelper - Can not find table primary key in Class: "com.lumibee.hive.model.ArticleFavorites".
2025-07-30 15:06:53 [restartedMain] WARN  c.b.mybatisplus.core.injector.DefaultSqlInjector - class com.lumibee.hive.model.ArticleFavorites ,Not found @TableId annotation, Cannot use Mybatis-Plus 'xxById' Method.
2025-07-30 15:06:53 [restartedMain] WARN  c.b.mybatisplus.core.metadata.TableInfoHelper - This primary key of "id" is primitive !不建议如此请使用包装类 in Class: "com.lumibee.hive.model.ArticleLikes"
2025-07-30 15:06:53 [restartedMain] INFO  o.s.b.d.autoconfigure.OptionalLiveReloadServer - LiveReload server is running on port 35729
2025-07-30 15:06:53 [restartedMain] DEBUG org.elasticsearch.client.RestClient - request [HEAD http://localhost:9200/dev-articles] returned [HTTP/1.1 200 OK]
2025-07-30 15:06:54 [restartedMain] ERROR i.n.resolver.dns.DnsServerAddressStreamProviders - Unable to load io.netty.resolver.dns.macos.MacOSDnsServerAddressStreamProvider, fallback to system defaults. This may result in incorrect DNS resolutions on MacOS. Check whether you have a dependency on 'io.netty:netty-resolver-dns-native-macos'. Use DEBUG level to see the full stack: java.lang.UnsatisfiedLinkError: failed to load the required native library
2025-07-30 15:06:54 [restartedMain] INFO  o.s.b.a.web.servlet.WelcomePageHandlerMapping - Adding welcome page template: index
2025-07-30 15:06:54 [restartedMain] INFO  o.s.b.actuate.endpoint.web.EndpointLinksResolver - Exposing 7 endpoints beneath base path '/actuator'
2025-07-30 15:06:54 [restartedMain] INFO  o.s.boot.web.embedded.tomcat.TomcatWebServer - Tomcat started on port 8090 (http) with context path '/'
2025-07-30 15:06:54 [restartedMain] INFO  com.lumibee.hive.HiveApplication - Started HiveApplication in 2.27 seconds (process running for 2.579)
2025-07-30 15:06:54 [restartedMain] INFO  com.zaxxer.hikari.HikariDataSource - HikariPool-1 - Starting...
2025-07-30 15:06:54 [restartedMain] INFO  com.zaxxer.hikari.pool.HikariPool - HikariPool-1 - Added connection com.mysql.cj.jdbc.ConnectionImpl@36028c6e
2025-07-30 15:06:54 [restartedMain] INFO  com.zaxxer.hikari.HikariDataSource - HikariPool-1 - Start completed.
2025-07-30 15:06:54 [restartedMain] DEBUG com.lumibee.hive.mapper.ArticleMapper.selectList - ==>  Preparing: SELECT article_id,user_id,title,slug,content,excerpt,status,portfolio_id,gmt_create,gmt_modified,view_count,likes,allow_comments,background_url,is_featured,deleted,version FROM articles WHERE deleted=0 AND (deleted = ? AND status = ?) ORDER BY gmt_modified DESC
2025-07-30 15:06:54 [restartedMain] DEBUG com.lumibee.hive.mapper.ArticleMapper.selectList - ==> Parameters: 0(Integer), published(String)
2025-07-30 15:06:54 [restartedMain] DEBUG com.lumibee.hive.mapper.ArticleMapper.selectList - <==      Total: 22
2025-07-30 15:06:54 [restartedMain] DEBUG com.lumibee.hive.mapper.UserMapper.selectById - ==>  Preparing: SELECT id,name,token,gmt_create,gmt_modified,bio,avatar_url,email,password,github_id,qq_open_id,background_img_url,deleted,version FROM user WHERE id=? AND deleted=0
2025-07-30 15:06:54 [restartedMain] DEBUG com.lumibee.hive.mapper.UserMapper.selectById - ==> Parameters: 1925216231290916865(Long)
2025-07-30 15:06:54 [restartedMain] DEBUG com.lumibee.hive.mapper.UserMapper.selectById - <==      Total: 1
2025-07-30 15:06:54 [restartedMain] DEBUG org.elasticsearch.client.RestClient - request [POST http://localhost:9200/_bulk?refresh=false] returned [HTTP/1.1 200 OK]
2025-07-30 15:06:54 [restartedMain] DEBUG org.elasticsearch.client.RestClient - request [POST http://localhost:9200/dev-articles/_refresh] returned [HTTP/1.1 200 OK]
2025-07-30 15:06:55 [RMI TCP Connection(2)-127.0.0.1] INFO  o.a.c.core.ContainerBase.[Tomcat].[localhost].[/] - Initializing Spring DispatcherServlet 'dispatcherServlet'
2025-07-30 15:06:55 [RMI TCP Connection(2)-127.0.0.1] INFO  org.springframework.web.servlet.DispatcherServlet - Initializing Servlet 'dispatcherServlet'
2025-07-30 15:06:55 [RMI TCP Connection(2)-127.0.0.1] INFO  org.springframework.web.servlet.DispatcherServlet - Completed initialization in 1 ms
2025-07-30 15:06:55 [elasticsearch-rest-client-0-thread-2] DEBUG org.elasticsearch.client.RestClient - request [GET http://localhost:9200/_cluster/health] returned [HTTP/1.1 200 OK]
2025-07-30 15:06:58 [SpringApplicationShutdownHook] INFO  o.s.boot.web.embedded.tomcat.GracefulShutdown - Commencing graceful shutdown. Waiting for active requests to complete
2025-07-30 15:07:00 [tomcat-shutdown] INFO  o.s.boot.web.embedded.tomcat.GracefulShutdown - Graceful shutdown complete
2025-07-30 15:07:00 [SpringApplicationShutdownHook] INFO  com.zaxxer.hikari.HikariDataSource - HikariPool-1 - Shutdown initiated...
2025-07-30 15:07:00 [SpringApplicationShutdownHook] INFO  com.zaxxer.hikari.HikariDataSource - HikariPool-1 - Shutdown completed.
2025-07-30 15:07:01 [restartedMain] INFO  com.lumibee.hive.HiveApplication - Starting HiveApplication using Java 17.0.14 with PID 67821 (/Users/czar/Java/hive/target/classes started by czar in /Users/czar/Java/hive)
2025-07-30 15:07:01 [restartedMain] DEBUG com.lumibee.hive.HiveApplication - Running with Spring Boot v3.4.5, Spring v6.2.6
2025-07-30 15:07:01 [restartedMain] INFO  com.lumibee.hive.HiveApplication - The following 1 profile is active: "dev"
2025-07-30 15:07:01 [restartedMain] INFO  o.s.b.d.env.DevToolsPropertyDefaultsPostProcessor - Devtools property defaults active! Set 'spring.devtools.add-properties' to 'false' to disable
2025-07-30 15:07:01 [restartedMain] INFO  o.s.b.d.env.DevToolsPropertyDefaultsPostProcessor - For additional web related logging consider setting the 'logging.level.web' property to 'DEBUG'
2025-07-30 15:07:01 [restartedMain] INFO  o.s.d.r.config.RepositoryConfigurationDelegate - Multiple Spring Data modules found, entering strict repository configuration mode
2025-07-30 15:07:01 [restartedMain] INFO  o.s.d.r.config.RepositoryConfigurationDelegate - Bootstrapping Spring Data Elasticsearch repositories in DEFAULT mode.
2025-07-30 15:07:01 [restartedMain] INFO  o.s.d.r.config.RepositoryConfigurationDelegate - Finished Spring Data repository scanning in 47 ms. Found 1 Elasticsearch repository interface.
2025-07-30 15:07:01 [restartedMain] INFO  o.s.d.r.config.RepositoryConfigurationDelegate - Multiple Spring Data modules found, entering strict repository configuration mode
2025-07-30 15:07:01 [restartedMain] INFO  o.s.d.r.config.RepositoryConfigurationDelegate - Bootstrapping Spring Data Reactive Elasticsearch repositories in DEFAULT mode.
2025-07-30 15:07:01 [restartedMain] INFO  o.s.d.r.config.RepositoryConfigurationDelegate - Finished Spring Data repository scanning in 2 ms. Found 0 Reactive Elasticsearch repository interfaces.
2025-07-30 15:07:01 [restartedMain] INFO  o.s.d.r.config.RepositoryConfigurationDelegate - Multiple Spring Data modules found, entering strict repository configuration mode
2025-07-30 15:07:01 [restartedMain] INFO  o.s.d.r.config.RepositoryConfigurationDelegate - Bootstrapping Spring Data Redis repositories in DEFAULT mode.
2025-07-30 15:07:01 [restartedMain] INFO  o.s.d.r.c.RepositoryConfigurationExtensionSupport - Spring Data Redis - Could not safely identify store assignment for repository candidate interface com.lumibee.hive.service.ArticleRepository; If you want this repository to be a Redis repository, consider annotating your entities with one of these annotations: org.springframework.data.redis.core.RedisHash (preferred), or consider extending one of the following types with your repository: org.springframework.data.keyvalue.repository.KeyValueRepository
2025-07-30 15:07:01 [restartedMain] INFO  o.s.d.r.config.RepositoryConfigurationDelegate - Finished Spring Data repository scanning in 1 ms. Found 0 Redis repository interfaces.
2025-07-30 15:07:02 [restartedMain] INFO  o.s.boot.web.embedded.tomcat.TomcatWebServer - Tomcat initialized with port 8090 (http)
2025-07-30 15:07:02 [restartedMain] INFO  org.apache.catalina.core.StandardService - Starting service [Tomcat]
2025-07-30 15:07:02 [restartedMain] INFO  org.apache.catalina.core.StandardEngine - Starting Servlet engine: [Apache Tomcat/10.1.40]
2025-07-30 15:07:02 [restartedMain] INFO  o.a.c.core.ContainerBase.[Tomcat].[localhost].[/] - Initializing Spring embedded WebApplicationContext
2025-07-30 15:07:02 [restartedMain] INFO  o.s.b.w.s.c.ServletWebServerApplicationContext - Root WebApplicationContext: initialization completed in 688 ms
2025-07-30 15:07:02 [restartedMain] INFO  org.flywaydb.core.FlywayExecutor - Database: jdbc:mysql://localhost:3306/community?useUnicode=true&characterEncoding=utf-8&serverTimezone=UTC&useSSL=false&allowPublicKeyRetrieval=true (MySQL 9.3)
2025-07-30 15:07:02 [restartedMain] WARN  org.flywaydb.core.internal.database.base.Database - Flyway upgrade recommended: MySQL 9.3 is newer than this version of Flyway and support has not been tested. The latest supported version of MySQL is 8.1.
2025-07-30 15:07:02 [restartedMain] INFO  org.flywaydb.core.internal.command.DbValidate - Successfully validated 48 migrations (execution time 00:00.022s)
2025-07-30 15:07:02 [restartedMain] INFO  org.flywaydb.core.internal.command.DbMigrate - Current version of schema `community`: 48
2025-07-30 15:07:02 [restartedMain] INFO  org.flywaydb.core.internal.command.DbMigrate - Schema `community` is up to date. No migration necessary.
2025-07-30 15:07:02 [restartedMain] WARN  c.b.mybatisplus.core.metadata.TableInfoHelper - Can not find table primary key in Class: "com.lumibee.hive.model.Follower".
2025-07-30 15:07:02 [restartedMain] WARN  c.b.mybatisplus.core.injector.DefaultSqlInjector - class com.lumibee.hive.model.Follower ,Not found @TableId annotation, Cannot use Mybatis-Plus 'xxById' Method.
2025-07-30 15:07:02 [restartedMain] WARN  c.b.mybatisplus.core.metadata.TableInfoHelper - Can not find table primary key in Class: "com.lumibee.hive.model.ArticleFavorites".
2025-07-30 15:07:02 [restartedMain] WARN  c.b.mybatisplus.core.injector.DefaultSqlInjector - class com.lumibee.hive.model.ArticleFavorites ,Not found @TableId annotation, Cannot use Mybatis-Plus 'xxById' Method.
2025-07-30 15:07:02 [restartedMain] WARN  c.b.mybatisplus.core.metadata.TableInfoHelper - This primary key of "id" is primitive !不建议如此请使用包装类 in Class: "com.lumibee.hive.model.ArticleLikes"
2025-07-30 15:07:02 [restartedMain] INFO  o.s.b.d.autoconfigure.OptionalLiveReloadServer - LiveReload server is running on port 35729
2025-07-30 15:07:02 [restartedMain] DEBUG org.elasticsearch.client.RestClient - request [HEAD http://localhost:9200/dev-articles] returned [HTTP/1.1 200 OK]
2025-07-30 15:07:02 [restartedMain] ERROR i.n.resolver.dns.DnsServerAddressStreamProviders - Unable to load io.netty.resolver.dns.macos.MacOSDnsServerAddressStreamProvider, fallback to system defaults. This may result in incorrect DNS resolutions on MacOS. Check whether you have a dependency on 'io.netty:netty-resolver-dns-native-macos'. Use DEBUG level to see the full stack: java.lang.UnsatisfiedLinkError: failed to load the required native library
2025-07-30 15:07:02 [restartedMain] INFO  o.s.b.a.web.servlet.WelcomePageHandlerMapping - Adding welcome page template: index
2025-07-30 15:07:03 [restartedMain] INFO  o.s.b.actuate.endpoint.web.EndpointLinksResolver - Exposing 7 endpoints beneath base path '/actuator'
2025-07-30 15:07:03 [restartedMain] INFO  o.s.boot.web.embedded.tomcat.TomcatWebServer - Tomcat started on port 8090 (http) with context path '/'
2025-07-30 15:07:03 [restartedMain] INFO  com.lumibee.hive.HiveApplication - Started HiveApplication in 2.163 seconds (process running for 2.458)
2025-07-30 15:07:03 [restartedMain] INFO  com.zaxxer.hikari.HikariDataSource - HikariPool-1 - Starting...
2025-07-30 15:07:03 [restartedMain] INFO  com.zaxxer.hikari.pool.HikariPool - HikariPool-1 - Added connection com.mysql.cj.jdbc.ConnectionImpl@59a568a
2025-07-30 15:07:03 [restartedMain] INFO  com.zaxxer.hikari.HikariDataSource - HikariPool-1 - Start completed.
2025-07-30 15:07:03 [restartedMain] DEBUG com.lumibee.hive.mapper.ArticleMapper.selectList - ==>  Preparing: SELECT article_id,user_id,title,slug,content,excerpt,status,portfolio_id,gmt_create,gmt_modified,view_count,likes,allow_comments,background_url,is_featured,deleted,version FROM articles WHERE deleted=0 AND (deleted = ? AND status = ?) ORDER BY gmt_modified DESC
2025-07-30 15:07:03 [restartedMain] DEBUG com.lumibee.hive.mapper.ArticleMapper.selectList - ==> Parameters: 0(Integer), published(String)
2025-07-30 15:07:03 [restartedMain] DEBUG com.lumibee.hive.mapper.ArticleMapper.selectList - <==      Total: 22
2025-07-30 15:07:03 [restartedMain] DEBUG com.lumibee.hive.mapper.UserMapper.selectById - ==>  Preparing: SELECT id,name,token,gmt_create,gmt_modified,bio,avatar_url,email,password,github_id,qq_open_id,background_img_url,deleted,version FROM user WHERE id=? AND deleted=0
2025-07-30 15:07:03 [restartedMain] DEBUG com.lumibee.hive.mapper.UserMapper.selectById - ==> Parameters: 1925216231290916865(Long)
2025-07-30 15:07:03 [restartedMain] DEBUG com.lumibee.hive.mapper.UserMapper.selectById - <==      Total: 1
2025-07-30 15:07:03 [restartedMain] DEBUG org.elasticsearch.client.RestClient - request [POST http://localhost:9200/_bulk?refresh=false] returned [HTTP/1.1 200 OK]
2025-07-30 15:07:03 [restartedMain] DEBUG org.elasticsearch.client.RestClient - request [POST http://localhost:9200/dev-articles/_refresh] returned [HTTP/1.1 200 OK]
2025-07-30 15:07:03 [RMI TCP Connection(3)-127.0.0.1] INFO  o.a.c.core.ContainerBase.[Tomcat].[localhost].[/] - Initializing Spring DispatcherServlet 'dispatcherServlet'
2025-07-30 15:07:03 [RMI TCP Connection(3)-127.0.0.1] INFO  org.springframework.web.servlet.DispatcherServlet - Initializing Servlet 'dispatcherServlet'
2025-07-30 15:07:03 [RMI TCP Connection(3)-127.0.0.1] INFO  org.springframework.web.servlet.DispatcherServlet - Completed initialization in 2 ms
2025-07-30 15:07:03 [elasticsearch-rest-client-0-thread-2] DEBUG org.elasticsearch.client.RestClient - request [GET http://localhost:9200/_cluster/health] returned [HTTP/1.1 200 OK]
2025-07-30 15:07:04 [SpringApplicationShutdownHook] INFO  o.s.boot.web.embedded.tomcat.GracefulShutdown - Commencing graceful shutdown. Waiting for active requests to complete
2025-07-30 15:07:06 [tomcat-shutdown] INFO  o.s.boot.web.embedded.tomcat.GracefulShutdown - Graceful shutdown complete
2025-07-30 15:07:06 [SpringApplicationShutdownHook] INFO  com.zaxxer.hikari.HikariDataSource - HikariPool-1 - Shutdown initiated...
2025-07-30 15:07:06 [SpringApplicationShutdownHook] INFO  com.zaxxer.hikari.HikariDataSource - HikariPool-1 - Shutdown completed.
2025-07-30 15:07:08 [restartedMain] INFO  com.lumibee.hive.HiveApplication - Starting HiveApplication using Java 17.0.14 with PID 67849 (/Users/czar/Java/hive/target/classes started by czar in /Users/czar/Java/hive)
2025-07-30 15:07:08 [restartedMain] DEBUG com.lumibee.hive.HiveApplication - Running with Spring Boot v3.4.5, Spring v6.2.6
2025-07-30 15:07:08 [restartedMain] INFO  com.lumibee.hive.HiveApplication - The following 1 profile is active: "dev"
2025-07-30 15:07:08 [restartedMain] INFO  o.s.b.d.env.DevToolsPropertyDefaultsPostProcessor - Devtools property defaults active! Set 'spring.devtools.add-properties' to 'false' to disable
2025-07-30 15:07:08 [restartedMain] INFO  o.s.b.d.env.DevToolsPropertyDefaultsPostProcessor - For additional web related logging consider setting the 'logging.level.web' property to 'DEBUG'
2025-07-30 15:07:08 [restartedMain] INFO  o.s.d.r.config.RepositoryConfigurationDelegate - Multiple Spring Data modules found, entering strict repository configuration mode
2025-07-30 15:07:08 [restartedMain] INFO  o.s.d.r.config.RepositoryConfigurationDelegate - Bootstrapping Spring Data Elasticsearch repositories in DEFAULT mode.
2025-07-30 15:07:09 [restartedMain] INFO  o.s.d.r.config.RepositoryConfigurationDelegate - Finished Spring Data repository scanning in 52 ms. Found 1 Elasticsearch repository interface.
2025-07-30 15:07:09 [restartedMain] INFO  o.s.d.r.config.RepositoryConfigurationDelegate - Multiple Spring Data modules found, entering strict repository configuration mode
2025-07-30 15:07:09 [restartedMain] INFO  o.s.d.r.config.RepositoryConfigurationDelegate - Bootstrapping Spring Data Reactive Elasticsearch repositories in DEFAULT mode.
2025-07-30 15:07:09 [restartedMain] INFO  o.s.d.r.config.RepositoryConfigurationDelegate - Finished Spring Data repository scanning in 2 ms. Found 0 Reactive Elasticsearch repository interfaces.
2025-07-30 15:07:09 [restartedMain] INFO  o.s.d.r.config.RepositoryConfigurationDelegate - Multiple Spring Data modules found, entering strict repository configuration mode
2025-07-30 15:07:09 [restartedMain] INFO  o.s.d.r.config.RepositoryConfigurationDelegate - Bootstrapping Spring Data Redis repositories in DEFAULT mode.
2025-07-30 15:07:09 [restartedMain] INFO  o.s.d.r.c.RepositoryConfigurationExtensionSupport - Spring Data Redis - Could not safely identify store assignment for repository candidate interface com.lumibee.hive.service.ArticleRepository; If you want this repository to be a Redis repository, consider annotating your entities with one of these annotations: org.springframework.data.redis.core.RedisHash (preferred), or consider extending one of the following types with your repository: org.springframework.data.keyvalue.repository.KeyValueRepository
2025-07-30 15:07:09 [restartedMain] INFO  o.s.d.r.config.RepositoryConfigurationDelegate - Finished Spring Data repository scanning in 1 ms. Found 0 Redis repository interfaces.
2025-07-30 15:07:09 [restartedMain] INFO  o.s.boot.web.embedded.tomcat.TomcatWebServer - Tomcat initialized with port 8090 (http)
2025-07-30 15:07:09 [restartedMain] INFO  org.apache.catalina.core.StandardService - Starting service [Tomcat]
2025-07-30 15:07:09 [restartedMain] INFO  org.apache.catalina.core.StandardEngine - Starting Servlet engine: [Apache Tomcat/10.1.40]
2025-07-30 15:07:09 [restartedMain] INFO  o.a.c.core.ContainerBase.[Tomcat].[localhost].[/] - Initializing Spring embedded WebApplicationContext
2025-07-30 15:07:09 [restartedMain] INFO  o.s.b.w.s.c.ServletWebServerApplicationContext - Root WebApplicationContext: initialization completed in 760 ms
2025-07-30 15:07:09 [restartedMain] INFO  org.flywaydb.core.FlywayExecutor - Database: jdbc:mysql://localhost:3306/community?useUnicode=true&characterEncoding=utf-8&serverTimezone=UTC&useSSL=false&allowPublicKeyRetrieval=true (MySQL 9.3)
2025-07-30 15:07:09 [restartedMain] WARN  org.flywaydb.core.internal.database.base.Database - Flyway upgrade recommended: MySQL 9.3 is newer than this version of Flyway and support has not been tested. The latest supported version of MySQL is 8.1.
2025-07-30 15:07:09 [restartedMain] INFO  org.flywaydb.core.internal.command.DbValidate - Successfully validated 48 migrations (execution time 00:00.020s)
2025-07-30 15:07:09 [restartedMain] INFO  org.flywaydb.core.internal.command.DbMigrate - Current version of schema `community`: 48
2025-07-30 15:07:09 [restartedMain] INFO  org.flywaydb.core.internal.command.DbMigrate - Schema `community` is up to date. No migration necessary.
2025-07-30 15:07:09 [restartedMain] WARN  c.b.mybatisplus.core.metadata.TableInfoHelper - Can not find table primary key in Class: "com.lumibee.hive.model.Follower".
2025-07-30 15:07:09 [restartedMain] WARN  c.b.mybatisplus.core.injector.DefaultSqlInjector - class com.lumibee.hive.model.Follower ,Not found @TableId annotation, Cannot use Mybatis-Plus 'xxById' Method.
2025-07-30 15:07:09 [restartedMain] WARN  c.b.mybatisplus.core.metadata.TableInfoHelper - Can not find table primary key in Class: "com.lumibee.hive.model.ArticleFavorites".
2025-07-30 15:07:09 [restartedMain] WARN  c.b.mybatisplus.core.injector.DefaultSqlInjector - class com.lumibee.hive.model.ArticleFavorites ,Not found @TableId annotation, Cannot use Mybatis-Plus 'xxById' Method.
2025-07-30 15:07:09 [restartedMain] WARN  c.b.mybatisplus.core.metadata.TableInfoHelper - This primary key of "id" is primitive !不建议如此请使用包装类 in Class: "com.lumibee.hive.model.ArticleLikes"
2025-07-30 15:07:09 [restartedMain] INFO  o.s.b.d.autoconfigure.OptionalLiveReloadServer - LiveReload server is running on port 35729
2025-07-30 15:07:09 [restartedMain] DEBUG org.elasticsearch.client.RestClient - request [HEAD http://localhost:9200/dev-articles] returned [HTTP/1.1 200 OK]
2025-07-30 15:07:10 [restartedMain] ERROR i.n.resolver.dns.DnsServerAddressStreamProviders - Unable to load io.netty.resolver.dns.macos.MacOSDnsServerAddressStreamProvider, fallback to system defaults. This may result in incorrect DNS resolutions on MacOS. Check whether you have a dependency on 'io.netty:netty-resolver-dns-native-macos'. Use DEBUG level to see the full stack: java.lang.UnsatisfiedLinkError: failed to load the required native library
2025-07-30 15:07:10 [restartedMain] INFO  o.s.b.a.web.servlet.WelcomePageHandlerMapping - Adding welcome page template: index
2025-07-30 15:07:10 [restartedMain] INFO  o.s.b.actuate.endpoint.web.EndpointLinksResolver - Exposing 7 endpoints beneath base path '/actuator'
2025-07-30 15:07:10 [restartedMain] INFO  o.s.boot.web.embedded.tomcat.TomcatWebServer - Tomcat started on port 8090 (http) with context path '/'
2025-07-30 15:07:10 [restartedMain] INFO  com.lumibee.hive.HiveApplication - Started HiveApplication in 2.268 seconds (process running for 2.541)
2025-07-30 15:07:10 [restartedMain] INFO  com.zaxxer.hikari.HikariDataSource - HikariPool-1 - Starting...
2025-07-30 15:07:10 [restartedMain] INFO  com.zaxxer.hikari.pool.HikariPool - HikariPool-1 - Added connection com.mysql.cj.jdbc.ConnectionImpl@5ce975bc
2025-07-30 15:07:10 [restartedMain] INFO  com.zaxxer.hikari.HikariDataSource - HikariPool-1 - Start completed.
2025-07-30 15:07:10 [restartedMain] DEBUG com.lumibee.hive.mapper.ArticleMapper.selectList - ==>  Preparing: SELECT article_id,user_id,title,slug,content,excerpt,status,portfolio_id,gmt_create,gmt_modified,view_count,likes,allow_comments,background_url,is_featured,deleted,version FROM articles WHERE deleted=0 AND (deleted = ? AND status = ?) ORDER BY gmt_modified DESC
2025-07-30 15:07:10 [restartedMain] DEBUG com.lumibee.hive.mapper.ArticleMapper.selectList - ==> Parameters: 0(Integer), published(String)
2025-07-30 15:07:10 [restartedMain] DEBUG com.lumibee.hive.mapper.ArticleMapper.selectList - <==      Total: 22
2025-07-30 15:07:10 [restartedMain] DEBUG com.lumibee.hive.mapper.UserMapper.selectById - ==>  Preparing: SELECT id,name,token,gmt_create,gmt_modified,bio,avatar_url,email,password,github_id,qq_open_id,background_img_url,deleted,version FROM user WHERE id=? AND deleted=0
2025-07-30 15:07:10 [restartedMain] DEBUG com.lumibee.hive.mapper.UserMapper.selectById - ==> Parameters: 1925216231290916865(Long)
2025-07-30 15:07:10 [restartedMain] DEBUG com.lumibee.hive.mapper.UserMapper.selectById - <==      Total: 1
2025-07-30 15:07:10 [restartedMain] DEBUG org.elasticsearch.client.RestClient - request [POST http://localhost:9200/_bulk?refresh=false] returned [HTTP/1.1 200 OK]
2025-07-30 15:07:10 [restartedMain] DEBUG org.elasticsearch.client.RestClient - request [POST http://localhost:9200/dev-articles/_refresh] returned [HTTP/1.1 200 OK]
2025-07-30 15:07:11 [RMI TCP Connection(3)-127.0.0.1] INFO  o.a.c.core.ContainerBase.[Tomcat].[localhost].[/] - Initializing Spring DispatcherServlet 'dispatcherServlet'
2025-07-30 15:07:11 [RMI TCP Connection(3)-127.0.0.1] INFO  org.springframework.web.servlet.DispatcherServlet - Initializing Servlet 'dispatcherServlet'
2025-07-30 15:07:11 [RMI TCP Connection(3)-127.0.0.1] INFO  org.springframework.web.servlet.DispatcherServlet - Completed initialization in 0 ms
2025-07-30 15:07:11 [elasticsearch-rest-client-0-thread-2] DEBUG org.elasticsearch.client.RestClient - request [GET http://localhost:9200/_cluster/health] returned [HTTP/1.1 200 OK]
